T= 0.384
[[ 1.00000000e+00  1.00000000e+00  0.00000000e+00  1.00000000e+00
   0.00000000e+00]
 [ 1.00000000e+00  9.91444861e-01  1.30526192e-01  9.65925826e-01
   2.58819045e-01]
 [ 1.00000000e+00  9.65925826e-01  2.58819045e-01  8.66025404e-01
   5.00000000e-01]
 [ 1.00000000e+00  9.23879533e-01  3.82683432e-01  7.07106781e-01
   7.07106781e-01]
 [ 1.00000000e+00  8.66025404e-01  5.00000000e-01  5.00000000e-01
   8.66025404e-01]
 [ 1.00000000e+00  7.93353340e-01  6.08761429e-01  2.58819045e-01
   9.65925826e-01]
 [ 1.00000000e+00  7.07106781e-01  7.07106781e-01  6.12323400e-17
   1.00000000e+00]
 [ 1.00000000e+00  6.08761429e-01  7.93353340e-01 -2.58819045e-01
   9.65925826e-01]
 [ 1.00000000e+00  5.00000000e-01  8.66025404e-01 -5.00000000e-01
   8.66025404e-01]
 [ 1.00000000e+00  3.82683432e-01  9.23879533e-01 -7.07106781e-01
   7.07106781e-01]
 [ 1.00000000e+00  2.58819045e-01  9.65925826e-01 -8.66025404e-01
   5.00000000e-01]
 [ 1.00000000e+00  1.30526192e-01  9.91444861e-01 -9.65925826e-01
   2.58819045e-01]
 [ 1.00000000e+00  6.12323400e-17  1.00000000e+00 -1.00000000e+00
   1.22464680e-16]
 [ 1.00000000e+00 -1.30526192e-01  9.91444861e-01 -9.65925826e-01
  -2.58819045e-01]
 [ 1.00000000e+00 -2.58819045e-01  9.65925826e-01 -8.66025404e-01
  -5.00000000e-01]
 [ 1.00000000e+00 -3.82683432e-01  9.23879533e-01 -7.07106781e-01
  -7.07106781e-01]
 [ 1.00000000e+00 -5.00000000e-01  8.66025404e-01 -5.00000000e-01
  -8.66025404e-01]
 [ 1.00000000e+00 -6.08761429e-01  7.93353340e-01 -2.58819045e-01
  -9.65925826e-01]
 [ 1.00000000e+00 -7.07106781e-01  7.07106781e-01 -1.07187544e-15
  -1.00000000e+00]
 [ 1.00000000e+00 -7.93353340e-01  6.08761429e-01  2.58819045e-01
  -9.65925826e-01]
 [ 1.00000000e+00 -8.66025404e-01  5.00000000e-01  5.00000000e-01
  -8.66025404e-01]
 [ 1.00000000e+00 -9.23879533e-01  3.82683432e-01  7.07106781e-01
  -7.07106781e-01]
 [ 1.00000000e+00 -9.65925826e-01  2.58819045e-01  8.66025404e-01
  -5.00000000e-01]
 [ 1.00000000e+00 -9.91444861e-01  1.30526192e-01  9.65925826e-01
  -2.58819045e-01]
 [ 1.00000000e+00 -1.00000000e+00  1.22464680e-16  1.00000000e+00
  -2.44929360e-16]
 [ 1.00000000e+00 -9.91444861e-01 -1.30526192e-01  9.65925826e-01
   2.58819045e-01]
 [ 1.00000000e+00 -9.65925826e-01 -2.58819045e-01  8.66025404e-01
   5.00000000e-01]
 [ 1.00000000e+00 -9.23879533e-01 -3.82683432e-01  7.07106781e-01
   7.07106781e-01]
 [ 1.00000000e+00 -8.66025404e-01 -5.00000000e-01  5.00000000e-01
   8.66025404e-01]
 [ 1.00000000e+00 -7.93353340e-01 -6.08761429e-01  2.58819045e-01
   9.65925826e-01]
 [ 1.00000000e+00 -7.07106781e-01 -7.07106781e-01  1.19434012e-15
   1.00000000e+00]
 [ 1.00000000e+00 -6.08761429e-01 -7.93353340e-01 -2.58819045e-01
   9.65925826e-01]
 [ 1.00000000e+00 -5.00000000e-01 -8.66025404e-01 -5.00000000e-01
   8.66025404e-01]
 [ 1.00000000e+00 -3.82683432e-01 -9.23879533e-01 -7.07106781e-01
   7.07106781e-01]
 [ 1.00000000e+00 -2.58819045e-01 -9.65925826e-01 -8.66025404e-01
   5.00000000e-01]
 [ 1.00000000e+00 -1.30526192e-01 -9.91444861e-01 -9.65925826e-01
   2.58819045e-01]
 [ 1.00000000e+00 -1.07187544e-15 -1.00000000e+00 -1.00000000e+00
   2.14375088e-15]
 [ 1.00000000e+00  1.30526192e-01 -9.91444861e-01 -9.65925826e-01
  -2.58819045e-01]
 [ 1.00000000e+00  2.58819045e-01 -9.65925826e-01 -8.66025404e-01
  -5.00000000e-01]
 [ 1.00000000e+00  3.82683432e-01 -9.23879533e-01 -7.07106781e-01
  -7.07106781e-01]
 [ 1.00000000e+00  5.00000000e-01 -8.66025404e-01 -5.00000000e-01
  -8.66025404e-01]
 [ 1.00000000e+00  6.08761429e-01 -7.93353340e-01 -2.58819045e-01
  -9.65925826e-01]
 [ 1.00000000e+00  7.07106781e-01 -7.07106781e-01 -4.28626380e-16
  -1.00000000e+00]
 [ 1.00000000e+00  7.93353340e-01 -6.08761429e-01  2.58819045e-01
  -9.65925826e-01]
 [ 1.00000000e+00  8.66025404e-01 -5.00000000e-01  5.00000000e-01
  -8.66025404e-01]
 [ 1.00000000e+00  9.23879533e-01 -3.82683432e-01  7.07106781e-01
  -7.07106781e-01]
 [ 1.00000000e+00  9.65925826e-01 -2.58819045e-01  8.66025404e-01
  -5.00000000e-01]
 [ 1.00000000e+00  9.91444861e-01 -1.30526192e-01  9.65925826e-01
  -2.58819045e-01]
 [ 1.00000000e+00  1.00000000e+00 -2.44929360e-16  1.00000000e+00
  -4.89858720e-16]]
