    num=323245171128798144
 revnum=441897821171542323
    num=85922505124932730
 revnum=03723942150522958
    num=-84756715385830543
 revnum=-34503858351765748
    num=-737230827896586699
 revnum=-996685698728032737
    num=-85434584349253400
 revnum=-00435294348543458
    num=-800512696839782338
 revnum=-833287938696215008
    num=92843836380843585
 revnum=58534808363834829
    num=323047425171605961
 revnum=169506171524740323
    num=366151168877482012
 revnum=210284778861151663
    num=436143218891417852
 revnum=258714198812341634
    num=574445691693052153
 revnum=351250396196544475
    num=-684008071312042547
 revnum=-745240213170800486
    num=-310658167212380554
 revnum=-455083212761856013
    num=884964596326186357
 revnum=753681623695469488
    num=-182648974405345792
 revnum=-297543504479846281
    num=-401427143027958205
 revnum=-502859720341724104
    num=-338362347519011829
 revnum=-928110915743263833
    num=-613089890203552633
 revnum=-336255302098980316
    num=-249816312347800732
 revnum=-237008743213618942
    num=405604110263699687
 revnum=786996362011406504
    num=-703277197636158402
 revnum=-204851636791772307
    num=609300048770231939
 revnum=939132077840003906
    num=-289222987226123028
 revnum=-820321622789222982
    num=550875124691493116
 revnum=611394196421578055
    num=-284914412419676683
 revnum=-386676914214419482
    num=720926348128632119
 revnum=911236821843629027
    num=154347509871959885
 revnum=588959178905743451
    num=-774562548027211248
 revnum=-842112720845265477
    num=128019730639728048
 revnum=840827936037910821
    num=-56006631299801185
 revnum=-58110899213660065
    num=-174005429142340120
 revnum=-021043241924500471
    num=878229541866054848
 revnum=848450668145922878
    num=-724988345213556651
 revnum=-156655312543889427
    num=2328822656446449
 revnum=9446446562288232
    num=-309099506896013366
 revnum=-663310698605990903
    num=530070586281959931
 revnum=139959182685070035
    num=503107112729798190
 revnum=091897927211701305
    num=-241182393557268278
 revnum=-872862755393281142
    num=-665054186676630632
 revnum=-236036676681450566
    num=482051734554463840
 revnum=048364455437150284
    num=-821556026592685047
 revnum=-740586295620655128
    num=55027447359929130
 revnum=03192995374472055
    num=-510093045944259784
 revnum=-487952449540390015
    num=-104533577724564404
 revnum=-404465427775335401
    num=926890279663039152
 revnum=251930366972098629
    num=54466528038853950
 revnum=05935883082566445
    num=-69030827318030856
 revnum=-65803081372803096
    num=704531107930256466
 revnum=664652039701135407
    num=-88434006433729994
 revnum=-49992733460043488
    num=-416956120682573845
 revnum=-548375286021659614
    num=11152811740758742
 revnum=24785704711825111
    num=722027862803179691
 revnum=196971308268720227
    num=-73661609566763964
 revnum=-46936766590616637
    num=-531364944096440099
 revnum=-990044690449463135
    num=428711207385619609
 revnum=906916583702117824
    num=-367577784594337543
 revnum=-345733495487775763
    num=637383444168456512
 revnum=215654861444383736
    num=-129744542849209319
 revnum=-913902948245447921
    num=577082941589978280
 revnum=082879985149280775
    num=619961977413231281
 revnum=182132314779169916
    num=647875663983367395
 revnum=593763389366578746
    num=569749767083707646
 revnum=646707380767947965
    num=925487863096151497
 revnum=794151690368784529
    num=-248478947509301356
 revnum=-653103905749874842
    num=430700326124318967
 revnum=769813421623007034
    num=808888491397641187
 revnum=781146793194888808
    num=783345959890195483
 revnum=384591098959543387
    num=-620510080416745080
 revnum=-080547614080015026
    num=284317367024989667
 revnum=766989420763713482
    num=-871842696630182692
 revnum=-296281036696248178
    num=-355295139768238750
 revnum=-057832867931592553
    num=781793326183325716
 revnum=617523381623397187
    num=541977137639282973
 revnum=379282936731779145
    num=244359038203877798
 revnum=897778302830953442
    num=-372451709235287430
 revnum=-034782532907154273
    num=264503652424097500
 revnum=005790424256305462
    num=-548548788414266395
 revnum=-593662414887845845
    num=876947229908677299
 revnum=992776809922749678
    num=-804178477830482740
 revnum=-047284038774871408
    num=-278599111946431202
 revnum=-202134649111995872
    num=26289183998988616
 revnum=61688989938198262
    num=-560786841185164356
 revnum=-653461581148687065
    num=719036981185842996
 revnum=699248581189630917
    num=545171074208339168
 revnum=861933802470171545
    num=-453628168880219077
 revnum=-770912088861826354
    num=891723328766514219
 revnum=912415667823327198
    num=-822918793143098996
 revnum=-699890341397819228
    num=-495863568030576612
 revnum=-216675030865368594
    num=296790913436197959
 revnum=959791634319097692
    num=-303196840200181733
 revnum=-337181002048691303
    num=292173474352168525
 revnum=525861253474371292
    num=42436199016488385
 revnum=58388461099163424
    num=411542512876117696
 revnum=696711678215245114
    num=869732426049514066
 revnum=660415940624237968
    num=169581179645236843
 revnum=348632546971185961
    num=-15980187001979407
 revnum=-70497910078108951
    num=355247575283170160
 revnum=061071382575742553
    num=186255874571879095
 revnum=590978175478552681
    num=-94660697883852606
 revnum=-60625838879606649
    num=109462695462210117
 revnum=711012264596264901

  Congratulations, you have passed all 100 tests for Problem 4.

the reverse of 1234500007890000 is 0000987000054321
Passed
the reverse of -50329320407933661000000 is -00000016633970402392305
Passed
the reverse of 66154332782429707000 is 00070792428723345166
Passed
