s=       87y6E6A0@7V3^7n0 6V8K6Q6?6(0b4M8u0/
s=    -/ -9(6@4&5E4w6>5~3E0?8a7!7 4M9`7s9E2|
s=       -2S8+3e5~3a7M5;3,0,6O8"7'4X6%4T5[7r6s
s=    -/ 13u5K6O4v8#0|7l9A1t7_2X5_4{8k3n2i6?4u
s=       35?5k0R7f9}1 4%2W6w9"9J8!4;8Y1m9[2E
s=    -/ 42B4`9H5$8v9}9Q9e9v4[9X1_9D9B2H3y2:
s=       11q5%3}8N8]2L5]2?9O0H8"0 2q8]8w0|0!0|
s=    -/ 32c8;4g0E5i0~7-0>6`3;8V7c1y0^4q6Y4A
s=       23q9W8}2d7 7E9V9w3_5.3i0t9_5{9z3h6D0W
s=    -/ 66R9I0N6s8\4y0I3'2S8 8]5}2;4Q9b2d8L
s=       61S7X7]8v3j2A0&8T4l3)5i3+9E1_4Q8C8o
s=    -/ -9\6v8|0]7a0K2s2x5A0j1q4z8X8h8+3#2X0]
s=       -1Z4J7q4$5c2t2D1[3T6h1!0b2Z7{9'4"2-4~0'
s=    -/ 51*7?5d9Q5`5}9S2X0x2@2E2[8b7>0l4P0\
s=       -1'7,7s3z2d7R5!6.2o2\0&7e8*0h3{8?5^2z8z
s=    -/ 18A1]6i2;7I6j2=4"4N7g2X1>1%1L1P2A9x6_
s=       19;6e6z1I6 9"3[0>2z3+2d2+8T9w8w5f6Z
s=    -/ -1`8:1!7-6$5B2N3.8q2&2T4X9:0G4E1Q2^8o
s=       -1|5 7 2z2H5`2?1]9S9*2<4Z8.6q8-5F8C2\4q
s=    -/ -3Q8)2r1?7w4)7'6s0 5w3I1"9/4G5.0q2 4i
s=       21n4*5&9T3;9:1n9D1G1h2B1L9Y4M5B9|2%
s=    -/ 91F5'6K0Y6!9~2'0b1W5 8T6%4-5n8C8E8%
s=       19U9+2W6~2H5(5=5:7`1(6F4V3{1;4*8t8y
s=    -/ 18}9k3T9f6j0I2m6z0^2L8?6V4O8r0R0X0\
s=       -9P2}8+0M1B0M4(6v8)4o2n0-8h7 6m2H8-8O
s=    -/ 89!8`2f0U1D6 1Y5+2l6Y2Z1[8D6u2y4I0%
s=       69i8$6f1Z8M4#8Y1G4"8}8@2g9e9#0`0)8~
s=    -/ 64U0i4)6A6{2`7?5:9P3}7"6!1(4,8>4Z8~
s=       11C4|4@9F2z3-1/5B6X2=9,1;6&6$5,9'2(0&
s=    -/ 21s4;1R0j9q2*7V1*3Y9a4:9c3Q7]7'2l8o
s=       -1}2n0`7{7D9@3B8>0t3a7c7j2`8&3Z0f2 0q8E
s=    -/ 53D7'8 9<5%6e1u3k2/2+1(6O1=9^3U2J8c
s=       -7<6 0k7r4~6+6S3g8*0v6-0:9Z5F5!0w0r8{
s=    -/ 14 1 5Z5d3W3@9A2N1O1B6R1j9X9T1C1g6W8k
s=       10r1P0e8y8Y9=3G2!5=5f1L2=6U2T9S7*6T0V
s=    -/ 21K5=3M4/6^7X7v4:4W3h4s6H5e3~4Y7.2s
s=       -9O8W6B3V6m0 4c8<4W0D5Z3I6\7E0~6~5!6%
s=    -/ 34r4}6S0o2f3^2<5i0(5q1e8h2\1u0n5]6j
s=       48_5q3 4@4z1Q0V1)9U4}7=4(8,9d8)5W6M
s=    -/ 35/6;8$4B7c6'8y4$8:6N4k1^1v0:3f3v6G
s=       14J2i7z4|6K0o9d8C6[6c9h1=7o1L9a6W8Y0l
s=    -/ 40O5A8n3#8}6I2J5V7u0L9v7A1}6a3S5e2L
s=       -4t5 7D0Z9?6$0_4b9`5`9#3p1A1#8~7V2V0_
s=    -/ 15&4q7>4Y9h9=8k9=8m9<2e7w4W8g0e8u3K2z
s=       -7}8(3r8}5m9P8I0}7?9o6z9h3y6A3Z2|0g
s=    -/ -8=1{9$7$7;7S1k8T5(6?9i8o1/7Y2C2-8w8i
s=       51W8*0=4*7,3h1,2'6z3v5-2j4=1m0^2=4e
s=    -/ -1'4t8l8Q6 0Y4{8n4o4Y7>0$2j8r2)2)1}4 4P
s=       47q9-5 0%7D2B4%3m9"6f8^6`7O3^5"3 6c
s=    -/ -3e5m1;4N9i9`8(2H0Z6{3x0E4x6x6R2[4b0'
s=       23U1+1"2v7a7E3<6x5\3N5l1S3y7;6I6q4u
s=    -/ 19a4n4>7R9E8}2a8K0.6X3B6B8X0T0=0G0{0v
s=       33f7G6Q7#7[8r0E7a7@5{7~2q3/4Z2Y4;0L
s=    -/ 85v4B4$1L5G8_4]2`4z3+2~9j7:2J1F6>0W
s=       -6A6.4S9[2a0p1 8j3{9R0v6X0.9F9w4~5I6X
s=    -/ 26/6~0p5=7L2^6u0}9;3W5'0r3]5c9?0M4.
s=       48o0y3u9{5I5C3I9v7$9~9v9B4C8.8(0g0~
s=    -/ -2,9*3=8:7H2T5O5:1u2}0v2x1e7@6t3p8.4g
s=       -2,5&2w5u4F4l5z6o1\9U7s9o1x6l7A0T0j
s=    -/ 39X4O2L9K1d5a9~4R1'6a9b9~3~6e3\2n0P
s=       45o3"3F3N7?5=4m8Z7\8f0r0E2P5^0l2t4r
s=    -/ -8`8;3|0"8p7]5b3v1#9I2n1X8B0{1N2w1~6h
s=       -1*3^0H9P3q2<3r7W2B7x9C0s8"2]2I3:4%8I8z
s=    -/ 16S8a9|7|1\0w4|9\5A3~0|7a5D4 1y0Q
s=       -4y8U8M4@1h9K4k7d7_8R2^0w2{5z0D9P4z4;
s=    -/ 11X6_0X2Q8D1k4Y7_3o9^5i6/7;2 9q3U4'4a
s=       32$7/8K3*3~8\9J4v9P5?1<0x5%9Y0*0?8(
s=    -/ -1H0Z1]5;0L0x3z9l2G7j7M2,8w0r8T5w2)4v8S
s=       -8.4/4B9z0~8q6B8M4C8o3G8t3^0g9k8A8j8)
s=    -/ -4,3P5v1y8M7!4z3'4?7_1K9B0W0(4u8)6;4i
s=       70J5;6N4>8c8K7U8(3A3d6-1`3|3\2m4]8!
s=    -/ 78 2D7[8g0_4s6v5-2r5I4!0P2s3j4X2>4I
s=       18N2i7-0f6}9z1p2<9`5M7>0z4E8u8q0I6+4-
s=    -/ 15F2&8&3r2+3:8\5y9W3t6D0@7*7m9$0V
s=       -4u4s9(5]2\6 3%9X6f8!0c3<0z0W4B4t1[6U
s=    -/ -5M6J0#0O0n8t1L3G4X4R7q8L8e9E1.0@0g8v
s=       71(3\1a2(1O2s7r9o1m4o4|4&3i8L5y2o8x
s=    -/ -1e3<3|7@8e9!2U5\7|6P5D4b3!0t1E8#2$4V0{
s=       -1C7~6 5t2m4I8G6a2(8|4h7Z7{4[1{5u4:2 4F
s=    -/ -2L4p8k9S6H7:9d4D4[4!9Z9#9r9K4H2Q7 2+
s=       76@7L6O8F1H9N3j6"2O1 2V9v9G2>7`6c8{
s=    -/ -6*6^6r3J4Y4y4q7m6s9V7O5L4f7e8%4 0+0l
s=       -6~6:8@5a5m3h4$5p8!5=3;6G5I1Q2Y0E0U0r
s=    -/ 58L7{3x5E2-8Y8n6k7Z5h8O3o1Z1D5(5E2!
s=       -1~9k5?5|3Y4+6*9x2c9g0o4?2K3m3I6/7u6S8m
s=    -/ 63h9<3 3J8|1"2A5-8f8~2B2!2s2K3?2j
s=       44 9[5k8v2R5e9q7q3;0y6+8 0j1$1 2D
s=    -/ -5:4X3'7\5z9V0[5 9~1F1-1a3b8)8Z6p4K
s=       -2k6]8$4n8T9U2$6:7E2l3)4d1;3\0x9x9L5a2~
s=    -/ 82o1I2)8h5:5r1<5p4P1#0|7b8f8b9.9f2F
s=       -2K7Z8b9 4v2D8;5;4(0o4$9t8|6H1K9k2v0D
s=    -/ -8k9,3=9G1"5*7z0?4f5R0$5b1[8R8B8Y6R4I
s=       31!0#0r7V2}4Y4o7A0!6N3N4m7E1~3F6B0x0,
s=    -/ -1z1>7\4)7G9M7K3j0d5}0V3q3!9s0?4M1>2)8-
s=       -8#5'7q3.3T4 3W8.5C6|3=6+7i7s6f1|9U2"
s=    -/ -1z3+3'9G7M0D6H4l4'6o0B7 5n9u5^4(9`4#4)
s=       -1W7x2c9|5v9%3d7t2$8W1M0d1$2v9\6k0F
s=    -/ -3o8j9H3}1l0H4#0{3.6f3-3G7B6.3T3F2:8 
s=       -1 0m1K5u3p9t8>4z8<5]3n2I3]9n1s2|0d0*
s=    -/ -1/4/2G3l8B7v6|2'0U6>0[5%9G5;9j3J2C8s
s=       14}4;1r3T0Q9P1N0[8c9a2L9N5H6|4 1~6;0i
s=    -/ 10R6%0.9+0]4[5y0K1m6<6z5t5q9w2A4u4p8w
s=       27O0B1#5Z7T6u9,9Q2Z8Y1z2v3R0#1g3V1K2L
s=    -/ -1R2:0b6Y0}1J5|5&8X1c6Y1]1/8)4/9e9z8L4k
s=       72@5Q4.5 0<7%1I4l8c2S0,9\6h9W2N1 6;
s=    -/ -4^7}5k8s3=5N2&5f7f8 3"9J7A8O9#3]1?2b
s=       35A6\2(6k8W6E2}8b9 4o1C3^7&7p8F0l
s=    -/ -2h0O2v4?5z1\3s8r9K7S3=4^0Q3>8~4K7d6?8'
s=       25U7N0e8}1v7~2t0i8u2H5S2v0 1_4Q7s2I
s=    -/ 33g7|9d2O6U9J3G6=0\0I4!5M7`0q7s5~2 
s=       20 0J9y8F8T8~0o8F9G1Z8\9>2|2_7/2f6/4K
s=    -/ 91p5"2h4o9F2?0C4%2]1#6Y8X0S6-5c2l8Q
s=       -1K1?1m7Z7m0l3?9U8"7l4/6U3=7w0J3}8H0%8c
s=    -/ 39n2 8O6T3j6R2J9;8o2~1~6w6,4m7'6e8|
s=       10l7<1i6/7;6u4 5~5i7E7z6u0H6S0%1e6+
s=    -/ 13f0g2T7 2F5M3"1{4>6W8h8d2/4W4_2R2B4T
s=       17@4C6R1>1y2h8w7#2v9$7u8]0{9V7I1J5U2*
s=    -/ -2?6g3l7p2J6M0>2%2\8m1~7K9.1U5H6p8v0G
s=       21c1s7v1J0~7 1G6(4d8c8A2N6>6R0O8E0K
s=    -/ -1g0g9#6/4%6L0M4j8:0M7k6P7D8?2}3t3N6d0|
s=       13F6b3P9N3$1?4A8G6'3{5e1[4<7S5q2!0D0(
s=    -/ 29t2~5D7r1X1I0#8 3!8K2c4.2R7]5i4v5,6|
s=       -6M9:8J5r1-2<1C5k8;3(4I9X7i6`5s1x2 0(
s=    -/ 11x3H0>4 8(5v0_9$4C0\6`0Y8~5#4 7/8 4g
s=       19G2*2+3,6)1.0n7w4^7W9X0A3!5d8f0C8a
s=    -/ 33=4I7q4O4E2g6i2I2H5Q9{6G8J3D4@5z6p
s=       92!6_3P7o4}0M4,4k1C4d4H9,2P4y1J6 
s=    -/ 71'6(9(2~5e8I7"6P6F4O7?3!8s6y4 0.
s=       -7b1U2]2m3z1s9U1^4C9m1~9f7<1|7_3O7a6d
s=    -/ 12"1c2)3E6[2K1|4u3}0N0.8L0|6"1#1-8=4+
s=       69B1k4M9^2N5o3T0(3G7n1v0T2v9p1Q2a0D
s=    -/ 15h7.2x8k8D0S3Q1#1j9 4O4Q5j2X9 6E6'4P
s=       -7y9&2!5E8$9y1D0B7s9f3h0A2p1W1\8V4|0P
s=    -/ 13D0O0I2e4n7\8A5y7h2?0j7]2B4e1R4G7%2P
s=       18]6/0d8&6B0b9]1A7|9 3R7G8J5&4g4.6a4i
s=    -/ 14l4'5B2>7J2^5 9&9@5 6k2*3Z3'5m2I3*2*
s=       11O0 7K0e0"0~2[6d4G0}6{1b7L9I7]6U3N2c
s=    -/ -1l1-2"0,3x1)1D1P4D7;4b0i5H5I4!5{7v2{8,
s=       75p6W6R7M4X8`5z3m2\2h9I2O9U2R5Y4_4;
s=    -/ 74y8Z7I3/2[7Y8x3u3x2J6'7w3\3T8/2|4;
s=       96>2J5}0Z9f2W6$1J7j1V6!6T7;9,0+4S0a
s=    -/ -7E2d2J9f1"3<5:3I4r7W2d8c4j2 5>9/2Q
s=       -1B3U6>3]1&7v4^0u1H0Z2Q3~3'3 4~6}8z1[6 
s=    -/ -1N2o0?3@2`7^4$5B1<5)4:6l6|6b6+4W9J6a0U
s=       75`1K8U5s1#4~6y9&3{0c3e8U2I4*0J0V0M
s=    -/ -3e6K3]4 4'1>2[4+8!8[5n3J4&8"1v5R3D6B
s=       74-1V9N8F4C4Z7X3V5!1C6p9/1n4n1g7;6D
s=    -/ 67Z8h6L8%5F3_1t8|8|7F5Y5C1C6J2h8J8G
s=       11U9>4R8}2x7_2S0D3s1p3d3t1%2h3!8/4T
s=    -/ 47A6e6'9?3R9/3^0Y3N7_8?2 4Y6J0H8s0J
s=       -6$6a1*4L7p9;7O2n5}6J8"9R5}4@9K8j2p4:
s=    -/ 18T4<3p8H2\7M2+6:3;7r4(9Y4E5)3,8/2q4<
s=       -5(1b4%9t7&4Y2w9w3|5$7r6/4O6o6%1L7.6b
s=    -/ 76 8z9x5X1,6E7[4"4g4C9~9d9u8@3m3L6M
s=       98W4N4z9~2=4r3w7l2~3C1@9t5w3E1\5S2Q
s=    -/ -4|3!7$0w2]3p4N1]8X4I1p6t1v2U7&1Y0F4w
s=       60-5h4C1.5_2\3K9[9\3S5k4&5p6d1`2,8@
s=    -/ -3T1[9R2<0-9[7]6j2 8d0!0M4Z3"4I6+2z4^
s=       -1y6m3|2^2~6d0m1!9h2N2N0N2%8r2d5T9Z8d4>
s=    -/ 27+1y2n8)9q3k3(4w8i0a6l6j3{9B2_9!6,
s=       24`6U0,9T2a8X9\1$5~0j2+7Q5t7A5D2I9m6P
s=    -/ -2f4u2-5a6U5J1U0m6Y3@4`7j2I6x3z3s9O2j
s=       -4:3j3E7N7B8U6P2-2s9j4P6s5L4&1L4s4^0Q
s=    -/ 17%5>2>7^4Y1)1P1N3q9C4i3\1s3B4E2?0C8[
s=       77 9>9,2A3c8n5C6b8<7c5h4)5(5'0a4&
s=    -/ 74J8'7?3x1-0U9x3j7+1v1 4]4%9s0!8[8a
s=       14{7w9p3>2b5m2#8T0$5$1 4x6}6~5`9v8n4J
s=    -/ -4o9o7`2_3+0p7!2z6G0o6'6?4[9~6M3m8/4]
s=       -1:3v1N6o9Z6a0Y8l5\4P7W1H7c2n9}4l3u3+6.
s=    -/ -6|3M2Z4k8>5 2l9V7*5:1N0=7[9z8\5j6>
s=       10G6)8?7;2(2O2l5%9b7u3(2t9X8K1q2m4@8S
s=    -/ 73n7P4@6V3"0$7!7t5u4/6y0-2z3n4-2'4 
s=       14Y3B8 6Y6&9s0a5,4l3E6~2-7X2f8:8F0t
s=    -/ 12u2>8 4X3^2f1u6\7~2 7y8z3,3k8+5A6$0T
s=       16"7H5q2Q2 1m3I3X0h7C0R2\7&2w4I0E9]6?
s=    -/ 20{2S8j8#1g9i5 5b9g9\8`3x5W8[7 2p0"
s=       14@1f0&4f0J0(3d2#2z6j1F9g8q6O2?2X7Q2I
s=    -/ 91^7^4o3X8q9-2C9j3h0a5}3=4-4s6/4$0,
s=       -3D7]0T0F9?7$7$0Q7h1!7V6\2U4$4+5p4v4d
s=    -/ 45P5#0{7/4/3x8X8\7J1t2R4m2$1<7i6S0]
s=       -2e6&4I7 4"0V1(2c5:1`2"9d6x2:8B6(4f0@
s=    -/ -2e8u0P3?9k7~2R8[6|2^6a1m3b5 8L8H0o
s=       -5C0.6\2i8b6e8F9i2S0=6&6!8I4M6L7Z8U4>
s=    -/ 16 5=2 4g2P4_2X2y8e3{4B6N6r6@6C4<9#6@
s=       79_2j6S5e5k0f1S8=2A2^3;9n5%2@3?8i4c
s=    -/ 51f2m9C6`4^5.4-7g7z8j8S1&3-1O7 7e6*
s=       -2Y0J2L4"9L1S0d0J2F5#9B3e6V8x6A6L3s0$4H
s=    -/ 14G2"0 0/7Z5:3=1V2&5h4W2D1b7*2P4y1d6]
s=       -1w2G5@4|2d7j2h7 7T3c1w5G8S3t7l2e3|5+2V
s=    -/ -1*6~5>3H3C3)5e5Z1A0$5M3*8m2f2U2C0@8*0_
s=       78e2(1k2J7#0d7d9.8L0#1K8w3g9\6w1L6k
s=    -/ -3}6F9w9~0L2 0 3d1)4H0A7F0$4E3|3e2M8s
s=       -1W3J2}5}8B4y2q8-3+4)4F3k4t5[9x3*2R8g
s=    -/ 12z1Y8J3z7O5f4;3A1w8D1z6i6)1e3-0 
s=       -1(6g9"5D8]6!2t0M0E0A4b1g9`6E3X4&1,7x6o
s=    -/ 12=1?2w9>1y6^6t5y9U5=7N4f7E2+0+7Z6_8=
s=       12N3.6]9i0|5e4]7/8%8D2(1C5]7 6i4u4;8Y
s=    -/ -8V1G9c8m4j4l5k2T6*2b1l9p1e0`5u9!2d0H
s=       28!5*3V0N4B8e4C5Z1+9k1?4~4!0f0R3P2I
s=    -/ -2D5k7C7j0B7_0:7/0P9p7c3B7_3B9K7.7[6!

  Great, you passed 200 tests for Problem 3!

